Removed Pin From Net: NetName=RESET Pin=J1-1
Removed Pin From Net: NetName=ADC Pin=J1-2
Removed Pin From Net: NetName=EN Pin=J1-3
Removed Pin From Net: NetName=IO16 Pin=J1-4
Removed Pin From Net: NetName=IO14 Pin=J1-5
Removed Pin From Net: NetName=IO12 Pin=J1-6
Removed Pin From Net: NetName=IO13 Pin=J1-7
Removed Pin From Net: NetName=VCC Pin=J1-8
Removed Pin From Net: NetName=CS0 Pin=J1-9
Removed Pin From Net: NetName=MISO Pin=J1-10
Removed Pin From Net: NetName=IO9 Pin=J1-11
Change Component Footprint: Designator=J1 Old Footprint=MOLX-501628-1191 New Footprint=MOLX-52808-0570
Change Component Comment : Designator=J1 Old Comment=501628-1191 New Comment=52808-0570
Change Managed Component Library Link : Designator=J1 Old VaultGUID=B7D15EC3-160A-466F-A46C-7801FE6295A7 New VaultGUID=B7D15EC3-160A-466F-A46C-7801FE6295A7 Old ItemGUID=D78C194F-D6BD-45FF-B0F4-0FDC9E76EBD4 New ItemGUID=FA3D6435-5411-4324-8C7E-95C1F5CE7C86 Old RevisionGUID=4376312E-19C5-411B-9CC2-4926F957EA5C New RevisionGUID=8454C400-BD88-4327-96F7-31D99E81ABB9
Change component parameters: Designator = "J1" ("J1"); Footprint = "MOLX-501628-1191"; UniqueID = "\EHMEYJRS" ("\EHMEYJRS")
Change component parameters (AddParameter): Name = "Circuits (Loaded)"; Value = "5"; VariantName = "[No Variations]"
Change component parameters (AddParameter): Name = "Circuits (maximum)"; Value = "5"; VariantName = "[No Variations]"
Change component parameters (AddParameter): Name = "ComponentLink1Description"; Value = "Manufacturer URL"; VariantName = "[No Variations]"
Change component parameters (AddParameter): Name = "ComponentLink1URL"; Value = "http://www.molex.com/molex/index.jsp"; VariantName = "[No Variations]"
Change component parameters (AddParameter): Name = "ComponentLink2Description"; Value = "Datasheet"; VariantName = "[No Variations]"
Change component parameters (AddParameter): Name = "ComponentLink2URL"; Value = "http://www.molex.com/webdocs/datasheets/pdf/en-us/0528080570_FFC_FPC_CONNECTORS.pdf"; VariantName = "[No Variations]"
Change component parameters (AddParameter): Name = "ComponentLink3Description"; Value = "Package Specification"; VariantName = "[No Variations]"
Change component parameters (AddParameter): Name = "ComponentLink3URL"; Value = "http://www.molex.com/pdm_docs/sd/528080570_sd.pdf"; VariantName = "[No Variations]"
Change component parameters (AddParameter): Name = "Contact Position"; Value = "N/A"; VariantName = "[No Variations]"
Change component parameters (AddParameter): Name = "Current (Max per Contact)"; Value = "0.5A"; VariantName = "[No Variations]"
Change component parameters (AddParameter): Name = "Durability (mating cycles max)"; Value = "10"; VariantName = "[No Variations]"
Change component parameters (AddParameter): Name = "Entry Angle"; Value = "Vertical"; VariantName = "[No Variations]"
Change component parameters (AddParameter): Name = "Manufacturer"; Value = "Molex"; VariantName = "[No Variations]"
Change component parameters (AddParameter): Name = "Mated Height"; Value = "5.05mm"; VariantName = "[No Variations]"
Change component parameters (AddParameter): Name = "Material - Metal"; Value = "Phosphor Bronze"; VariantName = "[No Variations]"
Change component parameters (AddParameter): Name = "Material - Plating Mating"; Value = "Tin-Bismuth"; VariantName = "[No Variations]"
Change component parameters (AddParameter): Name = "Material - Plating Termination"; Value = "Tin-Bismuth"; VariantName = "[No Variations]"
Change component parameters (AddParameter): Name = "Mounting Technology"; Value = "Surface Mount"; VariantName = "[No Variations]"
Change component parameters (AddParameter): Name = "Number of Rows"; Value = "1"; VariantName = "[No Variations]"
Change component parameters (AddParameter): Name = "Orientation"; Value = "Vertical"; VariantName = "[No Variations]"
Change component parameters (AddParameter): Name = "PackageDescription"; Value = "5-Lead FFC Connector, Pitch 1.0 mm"; VariantName = "[No Variations]"
Change component parameters (AddParameter): Name = "PackageReference"; Value = "52808-0570"; VariantName = "[No Variations]"
Change component parameters (AddParameter): Name = "PackageVersion"; Value = "Rev. B, 01/2014"; VariantName = "[No Variations]"
Change component parameters (AddParameter): Name = "Packing"; Value = "Tape and Reel"; VariantName = "[No Variations]"
Change component parameters (AddParameter): Name = "PartNumber"; Value = "52808-0570"; VariantName = "[No Variations]"
Change component parameters (AddParameter): Name = "PCB Locator"; Value = "No"; VariantName = "[No Variations]"
Change component parameters (AddParameter): Name = "PCB Retention"; Value = "None"; VariantName = "[No Variations]"
Change component parameters (AddParameter): Name = "Pitch - Mating Interface"; Value = "1.00mm"; VariantName = "[No Variations]"
Change component parameters (AddParameter): Name = "Pitch - Termination Interface"; Value = "1.00mm"; VariantName = "[No Variations]"
Change component parameters (AddParameter): Name = "Polarized to PCB"; Value = "No"; VariantName = "[No Variations]"
Change component parameters (AddParameter): Name = "RoHS"; Value = "TRUE"; VariantName = "[No Variations]"
Change component parameters (AddParameter): Name = "Stackable"; Value = "No"; VariantName = "[No Variations]"
Change component parameters (AddParameter): Name = "Voltage (Max)"; Value = "125V AC (RMS)/DC"; VariantName = "[No Variations]"
Added Component: Designator=J3(MOLX-52746-0671)
Add component (AddParameter): Name = "Circuits (Loaded)"; Value = "6"; VariantName = "[No Variations]"
Add component (AddParameter): Name = "ComponentLink1Description"; Value = "Manufacturer URL"; VariantName = "[No Variations]"
Add component (AddParameter): Name = "ComponentLink1URL"; Value = "http://www.molex.com/molex/index.jsp"; VariantName = "[No Variations]"
Add component (AddParameter): Name = "ComponentLink2Description"; Value = "Datasheet"; VariantName = "[No Variations]"
Add component (AddParameter): Name = "ComponentLink2URL"; Value = "http://www.molex.com/webdocs/datasheets/pdf/en-us/0527460671_FFC_FPC_CONNECTORS.pdf"; VariantName = "[No Variations]"
Add component (AddParameter): Name = "ComponentLink3Description"; Value = "Package Specification"; VariantName = "[No Variations]"
Add component (AddParameter): Name = "ComponentLink3URL"; Value = "http://www.molex.com/pdm_docs/sd/527460671_sd.pdf"; VariantName = "[No Variations]"
Add component (AddParameter): Name = "Contact Position"; Value = "Bottom"; VariantName = "[No Variations]"
Add component (AddParameter): Name = "Current (Max per Contact)"; Value = "0.5A"; VariantName = "[No Variations]"
Add component (AddParameter): Name = "Durability (mating cycles max)"; Value = "20"; VariantName = "[No Variations]"
Add component (AddParameter): Name = "Entry Angle"; Value = "90degrees Angle"; VariantName = "[No Variations]"
Add component (AddParameter): Name = "Manufacturer"; Value = "Molex"; VariantName = "[No Variations]"
Add component (AddParameter): Name = "Mated Height"; Value = "2.00mm"; VariantName = "[No Variations]"
Add component (AddParameter): Name = "Material - Metal"; Value = "Phosphor Bronze"; VariantName = "[No Variations]"
Add component (AddParameter): Name = "Material - Plating Mating"; Value = "Gold"; VariantName = "[No Variations]"
Add component (AddParameter): Name = "Material - Plating Termination"; Value = "Gold"; VariantName = "[No Variations]"
Add component (AddParameter): Name = "Mounting Technology"; Value = "Surface Mount"; VariantName = "[No Variations]"
Add component (AddParameter): Name = "Number of Rows"; Value = "1"; VariantName = "[No Variations]"
Add component (AddParameter): Name = "Orientation"; Value = "Right Angle"; VariantName = "[No Variations]"
Add component (AddParameter): Name = "PackageDescription"; Value = "6-Lead FPC Connector, Pitch 0.5 mm"; VariantName = "[No Variations]"
Add component (AddParameter): Name = "PackageReference"; Value = "52746-0671"; VariantName = "[No Variations]"
Add component (AddParameter): Name = "PackageVersion"; Value = "Rev. H, 05/2009"; VariantName = "[No Variations]"
Add component (AddParameter): Name = "Packing"; Value = "Tape and Reel"; VariantName = "[No Variations]"
Add component (AddParameter): Name = "PartNumber"; Value = "52746-0671"; VariantName = "[No Variations]"
Add component (AddParameter): Name = "PCB Locator"; Value = "No"; VariantName = "[No Variations]"
Add component (AddParameter): Name = "PCB Retention"; Value = "Yes"; VariantName = "[No Variations]"
Add component (AddParameter): Name = "Pitch - Mating Interface"; Value = "0.50mm"; VariantName = "[No Variations]"
Add component (AddParameter): Name = "Polarized to PCB"; Value = "Yes"; VariantName = "[No Variations]"
Add component (AddParameter): Name = "RoHS"; Value = "TRUE"; VariantName = "[No Variations]"
Add component (AddParameter): Name = "Stackable"; Value = "No"; VariantName = "[No Variations]"
Add component (AddParameter): Name = "Voltage (Max)"; Value = "50V"; VariantName = "[No Variations]"
Added Pin To Net: NetName=TXD Pin=J1-1
Added Pin To Net: NetName=RXD Pin=J1-2
Added Pin To Net: NetName=IO5 Pin=J1-3
Added Pin To Net: NetName=IO4 Pin=J1-4
Added Pin To Net: NetName=IO0 Pin=J1-5
Added Pin To Net: NetName=IO2 Pin=J3-1
Added Pin To Net: NetName=IO15 Pin=J3-2
Added Pin To Net: NetName=GND Pin=J3-3
Added Pin To Net: NetName=SCLK Pin=J3-4
Added Pin To Net: NetName=MOSI Pin=J3-5
Added Pin To Net: NetName=IO10 Pin=J3-6
Added Member To Class: ClassName=Sheet2 Member=Component J3 52746-0671
Added Room: Name=Sheet2
