Removed Pin From Net: NetName=CS0 Pin=J1-9
Removed Pin From Net: NetName=MISO Pin=J1-10
Removed Pin From Net: NetName=IO9 Pin=J1-11
Removed Pin From Net: NetName=TXD Pin=J3-1
Removed Pin From Net: NetName=RXD Pin=J3-2
Removed Pin From Net: NetName=IO5 Pin=J3-3
Removed Pin From Net: NetName=IO4 Pin=J3-4
Removed Pin From Net: NetName=IO0 Pin=J3-5
Removed Pin From Net: NetName=IO2 Pin=J4-1
Removed Pin From Net: NetName=IO15 Pin=J4-2
Removed Pin From Net: NetName=GND Pin=J4-3
Removed Pin From Net: NetName=SCLK Pin=J4-4
Removed Pin From Net: NetName=MOSI Pin=J4-5
Removed Pin From Net: NetName=IO10 Pin=J4-6
Change Component Footprint: Designator=J1 Old Footprint=MOLX-501628-1191 New Footprint=61300811821
Change Component Comment : Designator=J1 Old Comment=501628-1191 New Comment=61300811821
Change Managed Component Library Link : Designator=J1 Old VaultGUID=B7D15EC3-160A-466F-A46C-7801FE6295A7 New VaultGUID= Old ItemGUID=D78C194F-D6BD-45FF-B0F4-0FDC9E76EBD4 New ItemGUID= Old RevisionGUID=4376312E-19C5-411B-9CC2-4926F957EA5C New RevisionGUID=
Change component parameters: Designator = "J1" ("J1"); Footprint = "MOLX-501628-1191"; UniqueID = "\QSENNROD" ("\QSENNROD")
Change component parameters (AddParameter): Name = "ComponentLink1Description"; Value = "Manufacturer"; VariantName = "[No Variations]"
Change component parameters (AddParameter): Name = "ComponentLink1URL"; Value = "http://www.we-online.de"; VariantName = "[No Variations]"
Change component parameters (AddParameter): Name = "ComponentLink2Description"; Value = "Datasheet"; VariantName = "[No Variations]"
Change component parameters (AddParameter): Name = "ComponentLink2URL"; Value = "https://www.we-online.com/catalog/datasheet/61300811821.pdf"; VariantName = "[No Variations]"
Change component parameters (AddParameter): Name = "Contact Resistance"; Value = "20mOhm"; VariantName = "[No Variations]"
Change component parameters (AddParameter): Name = "Gender"; Value = "Socket Header"; VariantName = "[No Variations]"
Change component parameters (AddParameter): Name = "Manufacturer"; Value = "Wurth Elektronik"; VariantName = "[No Variations]"
Change component parameters (AddParameter): Name = "Manufacturer Part Number"; Value = "61300811821"; VariantName = "[No Variations]"
Change component parameters (AddParameter): Name = "Mounting Technology"; Value = "THT"; VariantName = "[No Variations]"
Change component parameters (AddParameter): Name = "Operating Temperature"; Value = "-40 to +125degC"; VariantName = "[No Variations]"
Change component parameters (AddParameter): Name = "Orientation"; Value = "Vertical"; VariantName = "[No Variations]"
Change component parameters (AddParameter): Name = "Packaging"; Value = "Tray"; VariantName = "[No Variations]"
Change component parameters (AddParameter): Name = "Pin Number"; Value = "8"; VariantName = "[No Variations]"
Change component parameters (AddParameter): Name = "Pitch"; Value = "2.54mm"; VariantName = "[No Variations]"
Change component parameters (AddParameter): Name = "Published Date"; Value = "May 2020"; VariantName = "[No Variations]"
Change component parameters (AddParameter): Name = "Rated Current"; Value = "3A"; VariantName = "[No Variations]"
Change component parameters (AddParameter): Name = "Row Number"; Value = "Single"; VariantName = "[No Variations]"
Change component parameters (AddParameter): Name = "Withstanding Voltage"; Value = "500VAC"; VariantName = "[No Variations]"
Change component parameters (AddParameter): Name = "Working Voltage"; Value = "250VAC"; VariantName = "[No Variations]"
Added Component: Designator=J2(61301411821)
Add component (AddParameter): Name = "ComponentLink1Description"; Value = "Manufacturer"; VariantName = "[No Variations]"
Add component (AddParameter): Name = "ComponentLink1URL"; Value = "http://www.we-online.de"; VariantName = "[No Variations]"
Add component (AddParameter): Name = "ComponentLink2Description"; Value = "Datasheet"; VariantName = "[No Variations]"
Add component (AddParameter): Name = "ComponentLink2URL"; Value = "https://www.we-online.com/catalog/datasheet/61301411821.pdf"; VariantName = "[No Variations]"
Add component (AddParameter): Name = "Contact Resistance"; Value = "20mOhm"; VariantName = "[No Variations]"
Add component (AddParameter): Name = "Gender"; Value = "Socket Header"; VariantName = "[No Variations]"
Add component (AddParameter): Name = "Manufacturer"; Value = "Wurth Elektronik"; VariantName = "[No Variations]"
Add component (AddParameter): Name = "Manufacturer Part Number"; Value = "61301411821"; VariantName = "[No Variations]"
Add component (AddParameter): Name = "Mounting Technology"; Value = "THT"; VariantName = "[No Variations]"
Add component (AddParameter): Name = "Operating Temperature"; Value = "-40 to +125degC"; VariantName = "[No Variations]"
Add component (AddParameter): Name = "Orientation"; Value = "Vertical"; VariantName = "[No Variations]"
Add component (AddParameter): Name = "Packaging"; Value = "Tray"; VariantName = "[No Variations]"
Add component (AddParameter): Name = "Pin Number"; Value = "14"; VariantName = "[No Variations]"
Add component (AddParameter): Name = "Pitch"; Value = "2.54mm"; VariantName = "[No Variations]"
Add component (AddParameter): Name = "Published Date"; Value = "May 2020"; VariantName = "[No Variations]"
Add component (AddParameter): Name = "Rated Current"; Value = "3A"; VariantName = "[No Variations]"
Add component (AddParameter): Name = "Row Number"; Value = "Single"; VariantName = "[No Variations]"
Add component (AddParameter): Name = "Withstanding Voltage"; Value = "500VAC"; VariantName = "[No Variations]"
Add component (AddParameter): Name = "Working Voltage"; Value = "250VAC"; VariantName = "[No Variations]"
Added Pin To Net: NetName=CS0 Pin=J2-1
Added Pin To Net: NetName=MISO Pin=J2-2
Added Pin To Net: NetName=IO9 Pin=J2-3
Added Pin To Net: NetName=IO10 Pin=J2-4
Added Pin To Net: NetName=MOSI Pin=J2-5
Added Pin To Net: NetName=SCLK Pin=J2-6
Added Pin To Net: NetName=GND Pin=J2-7
Added Pin To Net: NetName=IO15 Pin=J2-8
Added Pin To Net: NetName=IO2 Pin=J2-9
Added Pin To Net: NetName=IO0 Pin=J2-10
Added Pin To Net: NetName=IO4 Pin=J2-11
Added Pin To Net: NetName=IO5 Pin=J2-12
Added Pin To Net: NetName=RXD Pin=J2-13
Added Pin To Net: NetName=TXD Pin=J2-14
Added Class: Name=Sheet1
Change Room Name: Old Name=Sheet2 New Name=Sheet1
Change Room Scope: Old Scope=InComponentClass('Sheet2') New Scope=InComponentClass('Sheet1')
