Removed Pin From Net: NetName=RESET Pin=J1-1
Removed Pin From Net: NetName=ADC Pin=J1-2
Removed Pin From Net: NetName=EN Pin=J1-3
Removed Pin From Net: NetName=IO16 Pin=J1-4
Removed Pin From Net: NetName=IO14 Pin=J1-5
Removed Pin From Net: NetName=IO12 Pin=J1-6
Removed Pin From Net: NetName=IO13 Pin=J1-7
Removed Pin From Net: NetName=VCC Pin=J1-8
Removed Pin From Net: NetName=CS0 Pin=J1-9
Removed Pin From Net: NetName=MISO Pin=J1-10
Removed Pin From Net: NetName=IO9 Pin=J1-11
Removed Pin From Net: NetName=TXD Pin=J3-1
Removed Pin From Net: NetName=RXD Pin=J3-2
Removed Pin From Net: NetName=IO5 Pin=J3-3
Removed Pin From Net: NetName=IO4 Pin=J3-4
Removed Pin From Net: NetName=IO0 Pin=J3-5
Removed Pin From Net: NetName=GND Pin=J4-3
Removed Pin From Net: NetName=SCLK Pin=J4-4
Removed Pin From Net: NetName=MOSI Pin=J4-5
Removed Pin From Net: NetName=IO10 Pin=J4-6
Removed Member From Class: ClassName=Sheet2 Member=J1
Removed Member From Class: ClassName=Sheet2 Member=J3
Removed Member From Class: ClassName=Sheet2 Member=J4
Change Component Footprint: Designator=J? Old Footprint=61303211821 New Footprint=61300811821
Change Component Comment : Designator=J? Old Comment=61303211821 New Comment=61300811821
Change Managed Component Library Link : Designator=J? Old VaultGUID=B7D15EC3-160A-466F-A46C-7801FE6295A7 New VaultGUID= Old ItemGUID=9F4D0924-750D-41A6-9B0B-7DFFA4BC2154 New ItemGUID= Old RevisionGUID=9C2CB760-C7EF-499D-9B57-F877851688F4 New RevisionGUID=
Change component parameters: Designator = "J?" ("J?"); Footprint = "61303211821"; UniqueID = "\CJSJVQMJ" ("\CJSJVQMJ")
Change component parameters (AddParameter): Name = "ComponentLink1Description"; Value = "Manufacturer"; VariantName = "[No Variations]"
Change component parameters (AddParameter): Name = "ComponentLink1URL"; Value = "http://www.we-online.de"; VariantName = "[No Variations]"
Change component parameters (AddParameter): Name = "ComponentLink2Description"; Value = "Datasheet"; VariantName = "[No Variations]"
Change component parameters (AddParameter): Name = "ComponentLink2URL"; Value = "https://www.we-online.com/catalog/datasheet/61300811821.pdf"; VariantName = "[No Variations]"
Change component parameters (AddParameter): Name = "Contact Resistance"; Value = "20mOhm"; VariantName = "[No Variations]"
Change component parameters (AddParameter): Name = "Gender"; Value = "Socket Header"; VariantName = "[No Variations]"
Change component parameters (AddParameter): Name = "Manufacturer"; Value = "Wurth Elektronik"; VariantName = "[No Variations]"
Change component parameters (AddParameter): Name = "Manufacturer Part Number"; Value = "61300811821"; VariantName = "[No Variations]"
Change component parameters (AddParameter): Name = "Mounting Technology"; Value = "THT"; VariantName = "[No Variations]"
Change component parameters (AddParameter): Name = "Operating Temperature"; Value = "-40 to +125degC"; VariantName = "[No Variations]"
Change component parameters (AddParameter): Name = "Orientation"; Value = "Vertical"; VariantName = "[No Variations]"
Change component parameters (AddParameter): Name = "Packaging"; Value = "Tray"; VariantName = "[No Variations]"
Change component parameters (AddParameter): Name = "Pin Number"; Value = "8"; VariantName = "[No Variations]"
Change component parameters (AddParameter): Name = "Pitch"; Value = "2.54mm"; VariantName = "[No Variations]"
Change component parameters (AddParameter): Name = "Published Date"; Value = "May 2020"; VariantName = "[No Variations]"
Change component parameters (AddParameter): Name = "Rated Current"; Value = "3A"; VariantName = "[No Variations]"
Change component parameters (AddParameter): Name = "Row Number"; Value = "Single"; VariantName = "[No Variations]"
Change component parameters (AddParameter): Name = "Withstanding Voltage"; Value = "500VAC"; VariantName = "[No Variations]"
Change component parameters (AddParameter): Name = "Working Voltage"; Value = "250VAC"; VariantName = "[No Variations]"
